
> antrian-tiket@0.1.0 build
> next build

Γû▓ Next.js 16.1.6 (Turbopack)
- Environments: .env.local

  Creating an optimized production build ...
Γ£ô Compiled successfully in 8.7s
  Running TypeScript ...
node.exe : Failed 
to compile.
At line:1 char:1
+ & "C:\Program Fil
es\nodejs/node.exe"
 "C:\Program Files\
nodejs/node_mo ...
+ ~~~~~~~~~~~~~~~~~
~~~~~~~~~~~~~~~~~~~
~~~~~~~~~~~~~~~~~~~
~~~~~~~~~~~~~~
    + CategoryInfo 
             : No  
  tSpecified: (F   
 ailed to compi    
le.:String) []    
, RemoteExcept    
ion
    + FullyQualifi 
   edErrorId : Na  
  tiveCommandErr   
 or
 

./app/print-ticket/
[id]/page.tsx:190:2
2
Type error: 
Property 
'print_count' does 
not exist on type 
'Queue'.

[0m [90m 188 
|[39m             
    [33mScan[39m 
[33mQR[39m code 
untuk melihat 
status antrian 
secara 
real[33m-[39mtime
 [90m 189 |[39m  
             [33m<
[39m[33m/[39m[3
3mp[39m[33m>[39m
[31m[1m>[22m[39
m[90m 190 |[39m  
             {queue
[33m.[39mprint_co
unt [33m!==[39m 
undefined 
[33m&&[39m queue
[33m.[39mprint_cou
nt [33m>[39m 
[35m0[39m 
[33m&&[39m (
 [90m     |[39m  
                   
 [31m[1m^[22m[3
9m
 [90m 191 |[39m  
               [33
m<[39m[33mp[39m 
className[33m=[39
m[32m"mt-2 
text-xs text-gray-4
00"[39m[33m>[39m
 [90m 192 |[39m  
                 
[33mCetakan[39m k
e[33m-[39m{queue
[33m.[39mprint_cou
nt [33m+[39m 
[35m1[39m}
 [90m 193 |[39m  
               [33
m<[39m[33m/[39m
[33mp[39m[33m>[3
9m[0m
Next.js build 
worker exited with 
code: 1 and 
signal: null
