
> antrian-tiket@0.1.0 build
> next build

Γû▓ Next.js 16.1.6 (Turbopack)
- Environments: .env.local

  Creating an optimized production build ...
Γ£ô Compiled successfully in 10.9s
  Running TypeScript ...
node.exe : Failed 
to compile.
At line:1 char:1
+ & "C:\Program Fil
es\nodejs/node.exe"
 "C:\Program Files\
nodejs/node_mo ...
+ ~~~~~~~~~~~~~~~~~
~~~~~~~~~~~~~~~~~~~
~~~~~~~~~~~~~~~~~~~
~~~~~~~~~~~~~~
    + CategoryInfo 
             : No  
  tSpecified: (F   
 ailed to compi    
le.:String) []    
, RemoteExcept    
ion
    + FullyQualifi 
   edErrorId : Na  
  tiveCommandErr   
 or
 

./components/chat/C
hatList.tsx:155:18
Type error: 'chat.u
nread_count' is 
possibly 
'undefined'.

[0m [90m 153 
|[39m             
      {chat[33m.[
39mpasien_name 
[33m||[39m 
[32m"Pasien"[39m}
 [90m 154 |[39m  
               [33
m<[39m[33m/[39m
[33mp[39m[33m>[3
9m
[31m[1m>[22m[39
m[90m 155 |[39m  
               {cha
t[33m.[39munread_
count [33m>[39m 
[35m0[39m 
[33m&&[39m (
 [90m     |[39m  
                [3
1m[1m^[22m[39m
 [90m 156 |[39m  
                 [
33m<[39m[33mspan
[39m className[33m
=[39m[32m"flex 
h-5 w-5 
items-center 
justify-center 
rounded-full 
bg-blue-600 
text-xs 
font-semibold text-
white"[39m[33m>[
39m
 [90m 157 |[39m  
                   
{chat[33m.[39munr
ead_count 
[33m>[39m 
[35m9[39m 
[33m?[39m 
[32m"9+"[39m 
[33m:[39m chat[3
3m.[39munread_coun
t}
 [90m 158 |[39m  
                 [
33m<[39m[33m/[39
m[33mspan[39m[33
m>[39m[0m
Next.js build 
worker exited with 
code: 1 and 
signal: null
